<html xmlns="http://www.w3.org/1999/xhtml">
  <head>
    <title>A valid document</title>
  </head>
  <body>
    <p>This is a valid, albeit boring, XHTML document.</p>
  </body>
</html>

<!-- arch-tag: 6f7701be-ec51-48d0-bb63-38ed564718d6
     (do not change this comment) -->
